build/app/outputs/mapping/release/seeds.txt
com.connectsol.electronics.MainActivity: MainActivity()
com.connectsol.electronics.MainActivity
...
com.google.android.libraries.places.internal.zzkv$zzs$zza: com.google.android.libraries.places.internal.zzkv$zzs$zza zza()
androidx.appcompat.widget.SearchView: void setQuery(java.lang.CharSequence)
com.google.android.libraries.places.internal.zzcj$zza$zzb
com.google.android.libraries.places.internal.zzqc: int zzj
com.google.android.libraries.places.internal.zzdj$zza: zzdj$zza()
androidx.appcompat.view.menu.ListMenuItemView: void setTitle(java.lang.CharSequence)
com.google.android.libraries.places.api.net.FetchPhotoRequest$Builder: com.google.android.libraries.places.api.net.FetchPhotoRequest$Builder zza(com.google.android.libraries.places.api.model.PhotoMetadata)
androidx.vectordrawable.graphics.drawable.VectorDrawableCompat$VFullPath: void setFillColor(int)
com.google.android.libraries.places.internal.zzmq$zzk: boolean zzh
com.google.android.gms.safetynet.zza: android.os.Parcelable$Creator CREATOR
com.google.android.libraries.places.internal.zzmq$zzl$zza: zzmq$zzl$zza()
com.google.android.libraries.places.api.model.DayOfWeek
com.google.android.libraries.places.internal.zzvk: com.google.android.libraries.places.internal.zzvk zzo
com.google.android.libraries.places.api.model.zzal: void writeToParcel(android.os.Parcel,int)
com.google.android.libraries.places.internal.zzcj$zza: zzcj$zza()
com.google.android.libraries.places.internal.zzmq$zzl: java.lang.String zze
com.google.android.libraries.places.internal.zziy: zziy()
com.google.android.libraries.places.internal.zzkf$zzb$zza
io.flutter.embedding.engine.FlutterJNI: void nativeInvokePlatformMessageResponseCallback(long,int,java.nio.ByteBuffer,int)
com.google.android.libraries.places.internal.zzaq: com.google.android.gms.tasks.Task findCurrentPlace(com.google.android.libraries.places.api.net.FindCurrentPlaceRequest)
com.google.android.libraries.places.api.net.FindCurrentPlaceRequest$Builder: FindCurrentPlaceRequest$Builder()
com.google.android.libraries.places.internal.zzcj$zzc
com.google.android.libraries.places.internal.zzru: void zzb(int,long)
com.google.android.libraries.places.internal.zzhm
com.google.android.libraries.places.internal.zzeh: com.google.android.libraries.places.internal.zzeh zzf
com.google.android.libraries.places.internal.zzok: zzok()
com.google.android.libraries.places.internal.zzvo
com.google.android.libraries.places.internal.zzvk: int zzb()
androidx.recyclerview.widget.RecyclerView$ViewHolder: void setIsRecyclable(boolean)
androidx.window.embedding.SplitRuleParser: androidx.window.embedding.SplitPlaceholderRule parseSplitPlaceholderRule(android.content.Context,android.content.res.XmlResourceParser)
com.google.android.libraries.places.api.model.PhotoMetadata
com.google.android.libraries.places.internal.zzeq: zzeq()
com.google.android.libraries.places.internal.zzfc: zzfc()
com.google.android.libraries.places.internal.zztd: zztd(com.google.android.libraries.places.internal.zztb)
androidx.appcompat.widget.ActionBarOverlayLayout: int getActionBarHideOffset()
com.google.android.libraries.places.api.model.Place$Type: com.google.android.libraries.places.api.model.Place$Type STADIUM
com.google.android.libraries.places.internal.zzru: void zza(int,boolean)
androidx.window.layout.WindowMetricsCalculator$Companion$overrideDecorator$1: WindowMetricsCalculator$Companion$overrideDecorator$1(java.lang.Object)
com.google.android.gms.dynamite.DynamiteModule$DynamiteLoaderClassLoader
com.google.android.libraries.places.internal.zzaz$zzb: com.google.android.libraries.places.internal.zzgi zzd()
com.google.android.libraries.places.api.model.LocalTime
com.google.android.libraries.places.api.net.zzj: com.google.android.libraries.places.api.model.LocationBias zzb
io.flutter.view.AccessibilityBridge$AccessibilityFeature: io.flutter.view.AccessibilityBridge$AccessibilityFeature valueOf(java.lang.String)
com.google.android.libraries.places.internal.zzvq: void zza(int,java.util.List,boolean)
com.google.android.libraries.places.internal.zzmq$zzj: java.lang.String zze