build/app/outputs/mapping/release/mapping.txt
# compiler: R8
# compiler_version: 2.1.62
# min_api: 20
# pg_map_id: 62a2760
# common_typos_disable
...
com.google.android.gms.internal.location.zzk -> f.c.a.b.e.e.d0:
    java.lang.String zzca -> x
    com.google.android.gms.internal.location.zzbj zzcb -> y
    java.lang.String getServiceDescriptor() -> e
    android.os.IInterface createServiceInterface(android.os.IBinder) -> g
    int getMinApkVersion() -> k
    void zza(com.google.android.gms.internal.location.zzk) -> l0
    java.lang.String getStartServiceAction() -> r
    android.os.Bundle getGetServiceRequestExtraArgs() -> z
com.google.android.gms.internal.location.zzl -> f.c.a.b.e.e.e0:
    com.google.android.gms.internal.location.zzk zzcc -> a
    void checkConnected() -> a
    android.os.IInterface getService() -> b
com.google.android.gms.internal.location.zzm -> f.c.a.b.e.e.f0:
    com.google.android.gms.location.zzj zzcf -> g
    java.lang.String tag -> i
    java.util.List zzcd -> j
    java.util.List zzm -> h
    com.google.android.gms.location.zzj zzce -> k
com.google.android.gms.internal.location.zzn -> f.c.a.b.e.e.g0:
com.google.android.gms.internal.location.zzo -> f.c.a.b.e.e.h0:
    int zzcg -> g
    com.google.android.gms.location.zzr zzci -> i
    com.google.android.gms.internal.location.zzaj zzcj -> j
    com.google.android.gms.internal.location.zzm zzch -> h
com.google.android.gms.internal.location.zzp -> f.c.a.b.e.e.i0:
com.google.android.gms.internal.maps.zza -> f.c.a.b.e.f.a:
    android.os.IBinder zza -> a
    java.lang.String zzb -> b
    android.os.Parcel zza() -> E
    android.os.Parcel zza(int,android.os.Parcel) -> T
    void zzb(int,android.os.Parcel) -> i0
com.google.android.gms.internal.maps.zzaa -> f.c.a.b.e.f.b:
    com.google.android.gms.internal.maps.zzz zzi(android.os.IBinder) -> T
com.google.android.gms.internal.maps.zzab -> f.c.a.b.e.f.c:
    void setPattern(java.util.List) -> A
    void setJointType(int) -> I
    void setWidth(float) -> L
    void setEndCap(com.google.android.gms.maps.model.Cap) -> R
    void setStartCap(com.google.android.gms.maps.model.Cap) -> U
    void setZIndex(float) -> a
    void setColor(int) -> a0
    int zzj() -> b
    java.lang.String getId() -> c
    void setGeodesic(boolean) -> e
    void setPoints(java.util.List) -> h
    void setClickable(boolean) -> j
    boolean zzb(com.google.android.gms.internal.maps.zzz) -> t2
com.google.android.gms.internal.maps.zzac -> f.c.a.b.e.f.d:
    boolean getFadeIn() -> E2
    void clearTileCache() -> N0
    void setZIndex(float) -> a
    int zzj() -> b
    java.lang.String getId() -> c
    boolean zza(com.google.android.gms.internal.maps.zzac) -> k1
    float getTransparency() -> n3
    float getZIndex() -> r2
    void setFadeIn(boolean) -> y
    void setTransparency(float) -> z
com.google.android.gms.internal.maps.zzad -> f.c.a.b.e.f.e:
    com.google.android.gms.internal.maps.zzac zzj(android.os.IBinder) -> T
com.google.android.gms.internal.maps.zzae -> f.c.a.b.e.f.f:
    boolean getFadeIn() -> E2
    void clearTileCache() -> N0
    void setZIndex(float) -> a
    int zzj() -> b
    java.lang.String getId() -> c
    boolean zza(com.google.android.gms.internal.maps.zzac) -> k1
    float getTransparency() -> n3
    float getZIndex() -> r2
    void setFadeIn(boolean) -> y
    void setTransparency(float) -> z
com.google.android.gms.internal.maps.zzaf -> f.c.a.b.e.f.g:
    com.google.android.gms.maps.model.Tile getTile(int,int,int) -> O
com.google.android.gms.internal.maps.zzag -> f.c.a.b.e.f.h:
    boolean dispatchTransaction(int,android.os.Parcel,android.os.Parcel,int) -> E
    com.google.android.gms.internal.maps.zzaf zzk(android.os.IBinder) -> T
com.google.android.gms.internal.maps.zzah -> f.c.a.b.e.f.i:
    com.google.android.gms.maps.model.Tile getTile(int,int,int) -> O
com.google.android.gms.internal.maps.zzb -> f.c.a.b.e.f.j:
    boolean dispatchTransaction(int,android.os.Parcel,android.os.Parcel,int) -> E