build/app/outputs/mapping/release/usage.txt
com.connectsol.electronics.R$raw
com.connectsol.electronics.R$layout
com.connectsol.electronics.R$string
com.connectsol.electronics.R$integer
com.connectsol.electronics.R$attr
com.connectsol.electronics.R$bool
com.connectsol.electronics.R$interpolator
com.connectsol.electronics.R$xml
com.connectsol.electronics.BuildConfig
com.connectsol.electronics.R$style
com.connectsol.electronics.R$dimen
com.connectsol.electronics.R$drawable
com.connectsol.electronics.R
com.connectsol.electronics.R$id
com.connectsol.electronics.R$styleable
com.connectsol.electronics.R$color
com.connectsol.electronics.R$mipmap
com.connectsol.electronics.R$anim
...
com.android.volley.toolbox.HttpHeaderParser:
    public void <init>()
    public static java.lang.String parseCharset(java.util.Map)
    static final java.lang.String HEADER_CONTENT_TYPE
    private static final java.lang.String DEFAULT_CONTENT_CHARSET
    private static final java.lang.String RFC1123_FORMAT
androidx.core.text.TextDirectionHeuristicsCompat$TextDirectionAlgorithm
kotlinx.coroutines.android.HandlerContext$invokeOnTimeout$$inlined$DisposableHandle$1
kotlin.sequences.TransformingSequence$iterator$1:
    public final java.util.Iterator getIterator()
com.google.android.gms.maps.internal.zzay
com.google.android.gms.location.zzm
androidx.appcompat.widget.AppCompatRatingBar:
    public void <init>(android.content.Context)
android.support.customtabs.IPostMessageService$Stub
androidx.appcompat.widget.AppCompatSpinner$DialogPopup:
    public int getHorizontalOriginalOffset()
com.google.common.collect.Iterables$2
dagger.internal.InjectedFieldSignature
kotlinx.coroutines.flow.internal.ChannelFlowMerge$collectTo$$inlined$collect$1
com.google.android.gms.maps.internal.zzah
com.google.common.cache.LocalCache$EntrySet
kotlinx.coroutines.flow.FlowKt__ZipKt$combine$$inlined$unsafeFlow$1
com.google.common.collect.ImmutableSortedSetFauxverideShim
com.google.firebase.storage.internal.ExponentialBackoffSender:
    private static final java.lang.String TAG
    public static final int RND_MAX
    private static final int NETWORK_STATUS_POLL_INTERVAL
    private static final int MAXIMUM_WAIT_TIME_MILLI
com.google.android.gms.common.api.Api$ApiOptions$Optional
com.google.common.collect.ImmutableRangeSet$SerializedForm
androidx.fragment.app.FragmentTabHost$DummyTabFactory
io.flutter.plugins.pathprovider.R$style
com.google.android.gms.common.images.WebImage
com.google.android.gms.internal.firebase-auth-api.zzi:
    public void <init>()
com.google.common.collect.MultimapBuilder$3
kotlin.collections.ArraysKt___ArraysKt$withIndex$9
androidx.recyclerview.R$color
androidx.fragment.R$id
com.google.firebase.auth.ActionCodeMultiFactorInfo:
    public abstract com.google.firebase.auth.MultiFactorInfo getMultiFactorInfo()
com.google.android.gms.maps.internal.zzbk
kotlin.system.TimingKt
kotlin.io.path.PathsKt__PathUtilsKt
androidx.recyclerview.widget.ItemTouchHelper
com.google.common.graph.AbstractNetwork$2
com.google.common.util.concurrent.ServiceManager$ServiceManagerState$1
kotlinx.coroutines.debug.internal.DebugProbesImpl
com.google.common.collect.ForwardingImmutableList
com.google.common.graph.DirectedMultiNetworkConnections$1
com.google.common.util.concurrent.AtomicLongMap$1
androidx.core.view.WindowInsetsControllerCompat$OnControllableInsetsChangedListener
androidx.appcompat.app.ActionBarDrawerToggleHoneycomb$SetIndicatorInfo
com.google.errorprone.annotations.concurrent.LazyInit
kotlin.jvm.internal.ArrayCharIterator
androidx.lifecycle.ComputableLiveData$1
kotlin.sequences.SequencesKt__SequencesKt$generateSequence$1
androidx.drawerlayout.widget.DrawerLayout$1
com.google.firebase.auth.FirebaseAuthMultiFactorException:
    public com.google.firebase.auth.MultiFactorResolver getResolver()
com.google.android.gms.maps.R$id
com.google.android.gms.internal.common.zzl
kotlinx.coroutines.CompletableDeferred$DefaultImpls
io.flutter.plugin.platform.PlatformPlugin:
    public void <init>(android.app.Activity,io.flutter.embedding.engine.systemchannels.PlatformChannel)
    public static final int DEFAULT_SYSTEM_UI
    private static final java.lang.String TAG
com.google.android.gms.common.api.internal.zzc:
    public final boolean isCreated()
    public final boolean isStarted()
    public final synthetic android.app.Activity getLifecycleActivity()
com.google.common.reflect.TypeToken$TypeFilter$2